<?xml version="1.0" encoding="UTF-8"?>
<!-- Generated by org.testng.reporters.JUnitXMLReporter -->
<testsuite ignored="0" hostname="LAPTOP-E42ICP36" failures="1" tests="1" name="Default test(failed)" time="1.602" errors="0" timestamp="2024-03-31T22:06:40 IST">
  <testcase classname="io.cucumber.testng.AbstractTestNGCucumberTests" name="runScenario" time="0.253">
    <failure type="java.lang.AssertionError" message="expected [true] but found [false]">
      <![CDATA[java.lang.AssertionError: expected [true] but found [false]
at stepDefinitions.MainSteps.user_is_on_practice_landing_page(MainSteps.java:24)
at ✽.User is on Practice landing page(file:///C:/Users/Goks/Work/Cucumber/src/test/java/features/firstProgram.feature:50)
... Removed 4 stack frames]]>
    </failure>
  </testcase> <!-- runScenario -->
</testsuite> <!-- Default test(failed) -->
